<?xml version="1.0" encoding="utf-8"?><testsuites name="pytest tests"><testsuite name="pytest" errors="0" failures="0" skipped="0" tests="17" time="2.596" timestamp="2026-03-12T19:50:34.197278+00:00" hostname="agent-env-259f7caa-7cf4-4aba-9634-4fbc0b116ad6"><testcase classname="backend.tests.test_fps_calculator.TestHardwareAPI" name="test_hardware_returns_200" time="0.264" /><testcase classname="backend.tests.test_fps_calculator.TestHardwareAPI" name="test_hardware_has_cpus_gpus_rams" time="0.183" /><testcase classname="backend.tests.test_fps_calculator.TestHardwareAPI" name="test_cpus_have_intel_and_amd" time="0.126" /><testcase classname="backend.tests.test_fps_calculator.TestHardwareAPI" name="test_gpus_have_nvidia_and_amd" time="0.172" /><testcase classname="backend.tests.test_fps_calculator.TestHardwareAPI" name="test_rams_options" time="0.186" /><testcase classname="backend.tests.test_fps_calculator.TestHardwareAPI" name="test_games_has_16_games" time="0.139" /><testcase classname="backend.tests.test_fps_calculator.TestCalculateAPI" name="test_calculate_returns_200" time="0.110" /><testcase classname="backend.tests.test_fps_calculator.TestCalculateAPI" name="test_calculate_returns_fps_4_qualities" time="0.148" /><testcase classname="backend.tests.test_fps_calculator.TestCalculateAPI" name="test_calculate_returns_bottleneck" time="0.112" /><testcase classname="backend.tests.test_fps_calculator.TestCalculateAPI" name="test_calculate_returns_upgrades" time="0.125" /><testcase classname="backend.tests.test_fps_calculator.TestCalculateAPI" name="test_calculate_returns_best_gpus_cpus" time="0.139" /><testcase classname="backend.tests.test_fps_calculator.TestCalculateAPI" name="test_calculate_returns_product_cards" time="0.163" /><testcase classname="backend.tests.test_fps_calculator.TestCalculateAPI" name="test_build_tier_returned" time="0.159" /><testcase classname="backend.tests.test_fps_calculator.TestCalculateAPI" name="test_cpu_bottleneck_scenario" time="0.142" /><testcase classname="backend.tests.test_fps_calculator.TestCalculateAPI" name="test_gpu_bottleneck_scenario" time="0.117" /><testcase classname="backend.tests.test_fps_calculator.TestCalculateAPI" name="test_balanced_build_scenario" time="0.136" /><testcase classname="backend.tests.test_fps_calculator.TestCalculateAPI" name="test_invalid_cpu_returns_error" time="0.115" /></testsuite></testsuites>