<?xml version="1.0" encoding="utf-8"?><testsuites name="pytest tests"><testsuite name="pytest" errors="0" failures="0" skipped="0" tests="34" time="5.124" timestamp="2026-03-12T21:10:08.119248+00:00" hostname="agent-env-d5861b67-213b-4641-95e5-2dd64a6970a5"><testcase classname="backend.tests.test_fps_calculator.TestHardwareAPI" name="test_hardware_returns_200" time="0.203" /><testcase classname="backend.tests.test_fps_calculator.TestHardwareAPI" name="test_hardware_has_cpus_gpus_rams" time="0.181" /><testcase classname="backend.tests.test_fps_calculator.TestHardwareAPI" name="test_cpus_have_intel_and_amd" time="0.175" /><testcase classname="backend.tests.test_fps_calculator.TestHardwareAPI" name="test_gpus_have_nvidia_and_amd" time="0.169" /><testcase classname="backend.tests.test_fps_calculator.TestHardwareAPI" name="test_rams_options" time="0.255" /><testcase classname="backend.tests.test_fps_calculator.TestHardwareAPI" name="test_games_has_81_games" time="0.156" /><testcase classname="backend.tests.test_fps_calculator.TestHardwareAPI" name="test_hardware_returns_game_categories" time="0.122" /><testcase classname="backend.tests.test_fps_calculator.TestHardwareAPI" name="test_hardware_returns_games_by_category" time="0.113" /><testcase classname="backend.tests.test_fps_calculator.TestHardwareAPI" name="test_games_by_category_competitive_esports" time="0.204" /><testcase classname="backend.tests.test_fps_calculator.TestHardwareAPI" name="test_games_by_category_multiplayer_coop" time="0.174" /><testcase classname="backend.tests.test_fps_calculator.TestCalculateAPI" name="test_calculate_returns_200" time="0.189" /><testcase classname="backend.tests.test_fps_calculator.TestCalculateAPI" name="test_calculate_returns_fps_4_qualities" time="0.174" /><testcase classname="backend.tests.test_fps_calculator.TestCalculateAPI" name="test_calculate_fortnite_has_performance_mode" time="0.117" /><testcase classname="backend.tests.test_fps_calculator.TestCalculateAPI" name="test_calculate_returns_bottleneck" time="0.138" /><testcase classname="backend.tests.test_fps_calculator.TestCalculateAPI" name="test_calculate_returns_upgrades" time="0.119" /><testcase classname="backend.tests.test_fps_calculator.TestCalculateAPI" name="test_calculate_returns_best_gpus_cpus" time="0.136" /><testcase classname="backend.tests.test_fps_calculator.TestCalculateAPI" name="test_calculate_returns_product_cards_no_price" time="0.146" /><testcase classname="backend.tests.test_fps_calculator.TestCalculateAPI" name="test_build_tier_returned" time="0.174" /><testcase classname="backend.tests.test_fps_calculator.TestCalculateAPI" name="test_calculate_helldivers_2" time="0.139" /><testcase classname="backend.tests.test_fps_calculator.TestCalculateAPI" name="test_calculate_microsoft_flight_simulator" time="0.113" /><testcase classname="backend.tests.test_fps_calculator.TestCalculateAPI" name="test_calculate_baldurs_gate_3" time="0.117" /><testcase classname="backend.tests.test_fps_calculator.TestCalculateAPI" name="test_calculate_cyberpunk_2077_4k" time="0.129" /><testcase classname="backend.tests.test_fps_calculator.TestCalculateAPI" name="test_cpu_bottleneck_scenario" time="0.109" /><testcase classname="backend.tests.test_fps_calculator.TestCalculateAPI" name="test_gpu_bottleneck_scenario" time="0.132" /><testcase classname="backend.tests.test_fps_calculator.TestCalculateAPI" name="test_balanced_build_scenario" time="0.113" /><testcase classname="backend.tests.test_fps_calculator.TestCalculateAPI" name="test_invalid_cpu_returns_error" time="0.138" /><testcase classname="backend.tests.test_fps_calculator.TestCalculateAPI" name="test_invalid_game_returns_error" time="0.110" /><testcase classname="backend.tests.test_fps_calculator.TestProductCards" name="test_product_cards_structure" time="0.161" /><testcase classname="backend.tests.test_fps_calculator.TestHistoryAPI" name="test_history_returns_200" time="0.115" /><testcase classname="backend.tests.test_fps_calculator.TestHistoryAPI" name="test_history_returns_history_array" time="0.115" /><testcase classname="backend.tests.test_fps_calculator.TestHistoryAPI" name="test_history_limit_parameter" time="0.113" /><testcase classname="backend.tests.test_fps_calculator.TestHistoryAPI" name="test_history_entry_structure" time="0.117" /><testcase classname="backend.tests.test_fps_calculator.TestHistoryAPI" name="test_history_sorted_by_timestamp_desc" time="0.116" /><testcase classname="backend.tests.test_fps_calculator.TestHistoryAPI" name="test_history_no_mongodb_id" time="0.151" /></testsuite></testsuites>